09-16 16:58:29 com_github_MitjaNemec_PlaceFootprints.action_place_footprints 647:Plugin executed on: 'win32'
09-16 16:58:29 com_github_MitjaNemec_PlaceFootprints.action_place_footprints 648:Plugin executed with python version: '3.11.5 (main, Jul 16 2024, 08:01:06) [MSC v.1939 64 bit (AMD64)]'
09-16 16:58:29 com_github_MitjaNemec_PlaceFootprints.action_place_footprints 649:KiCad build version: 8.0.4
09-16 16:58:29 com_github_MitjaNemec_PlaceFootprints.action_place_footprints 650:Plugin version: 3.0.0
09-16 16:58:29 com_github_MitjaNemec_PlaceFootprints.action_place_footprints 651:Frame repr: <wx._core.Frame object at 0x00000202BFC1FD00>
09-16 16:58:29 com_github_MitjaNemec_PlaceFootprints.place_footprints 121:getting a list of all footprints on board
09-16 16:58:29 com_github_MitjaNemec_PlaceFootprints.place_footprints 156:Footprint C19 on root level
09-16 16:58:29 com_github_MitjaNemec_PlaceFootprints.place_footprints 156:Footprint C5 on root level
09-16 16:58:29 com_github_MitjaNemec_PlaceFootprints.place_footprints 156:Footprint C17 on root level
09-16 16:58:29 com_github_MitjaNemec_PlaceFootprints.place_footprints 156:Footprint C3 on root level
09-16 16:58:29 com_github_MitjaNemec_PlaceFootprints.place_footprints 156:Footprint R9 on root level
09-16 16:58:29 com_github_MitjaNemec_PlaceFootprints.place_footprints 156:Footprint R3 on root level
09-16 16:58:29 com_github_MitjaNemec_PlaceFootprints.place_footprints 156:Footprint D2 on root level
09-16 16:58:29 com_github_MitjaNemec_PlaceFootprints.place_footprints 156:Footprint X2 on root level
09-16 16:58:29 com_github_MitjaNemec_PlaceFootprints.place_footprints 156:Footprint U1 on root level
09-16 16:58:29 com_github_MitjaNemec_PlaceFootprints.place_footprints 156:Footprint R1 on root level
09-16 16:58:29 com_github_MitjaNemec_PlaceFootprints.place_footprints 156:Footprint J3 on root level
09-16 16:58:29 com_github_MitjaNemec_PlaceFootprints.place_footprints 156:Footprint C18 on root level
09-16 16:58:29 com_github_MitjaNemec_PlaceFootprints.place_footprints 156:Footprint C2 on root level
09-16 16:58:29 com_github_MitjaNemec_PlaceFootprints.place_footprints 156:Footprint R10 on root level
09-16 16:58:29 com_github_MitjaNemec_PlaceFootprints.place_footprints 156:Footprint C1 on root level
09-16 16:58:29 com_github_MitjaNemec_PlaceFootprints.place_footprints 156:Footprint BZ1 on root level
09-16 16:58:29 com_github_MitjaNemec_PlaceFootprints.place_footprints 156:Footprint C11 on root level
09-16 16:58:29 com_github_MitjaNemec_PlaceFootprints.place_footprints 156:Footprint L2 on root level
09-16 16:58:29 com_github_MitjaNemec_PlaceFootprints.place_footprints 156:Footprint D1 on root level
09-16 16:58:29 com_github_MitjaNemec_PlaceFootprints.place_footprints 156:Footprint C4 on root level
09-16 16:58:29 com_github_MitjaNemec_PlaceFootprints.place_footprints 156:Footprint R2 on root level
09-16 16:58:29 com_github_MitjaNemec_PlaceFootprints.place_footprints 156:Footprint L3 on root level
09-16 16:58:29 com_github_MitjaNemec_PlaceFootprints.place_footprints 156:Footprint C14 on root level
09-16 16:58:29 com_github_MitjaNemec_PlaceFootprints.place_footprints 156:Footprint R8 on root level
09-16 16:58:29 com_github_MitjaNemec_PlaceFootprints.place_footprints 156:Footprint FLT1 on root level
09-16 16:58:29 com_github_MitjaNemec_PlaceFootprints.place_footprints 156:Footprint X1 on root level
09-16 16:58:29 com_github_MitjaNemec_PlaceFootprints.place_footprints 156:Footprint R7 on root level
09-16 16:58:29 com_github_MitjaNemec_PlaceFootprints.place_footprints 156:Footprint J1 on root level
09-16 16:58:29 com_github_MitjaNemec_PlaceFootprints.place_footprints 156:Footprint R4 on root level
09-16 16:58:29 com_github_MitjaNemec_PlaceFootprints.place_footprints 156:Footprint C6 on root level
09-16 16:58:29 com_github_MitjaNemec_PlaceFootprints.place_footprints 156:Footprint SW1 on root level
09-16 16:58:29 com_github_MitjaNemec_PlaceFootprints.place_footprints 156:Footprint U2 on root level
09-16 16:58:29 com_github_MitjaNemec_PlaceFootprints.place_footprints 156:Footprint C9 on root level
09-16 16:58:29 com_github_MitjaNemec_PlaceFootprints.place_footprints 156:Footprint C7 on root level
09-16 16:58:29 com_github_MitjaNemec_PlaceFootprints.place_footprints 156:Footprint U3 on root level
09-16 16:58:29 com_github_MitjaNemec_PlaceFootprints.place_footprints 156:Footprint L1 on root level
09-16 16:58:29 com_github_MitjaNemec_PlaceFootprints.place_footprints 156:Footprint PWR1 on root level
09-16 16:58:29 com_github_MitjaNemec_PlaceFootprints.place_footprints 156:Footprint C13 on root level
09-16 16:58:29 com_github_MitjaNemec_PlaceFootprints.place_footprints 156:Footprint C8 on root level
09-16 16:58:29 com_github_MitjaNemec_PlaceFootprints.place_footprints 156:Footprint C12 on root level
09-16 16:58:29 com_github_MitjaNemec_PlaceFootprints.place_footprints 156:Footprint C15 on root level
09-16 16:58:29 com_github_MitjaNemec_PlaceFootprints.place_footprints 156:Footprint H+1 on root level
09-16 16:58:29 com_github_MitjaNemec_PlaceFootprints.place_footprints 156:Footprint C10 on root level
09-16 16:58:34 com_github_MitjaNemec_PlaceFootprints.action_place_footprints 86:By Sheet GUI initialized
09-16 16:58:34 com_github_MitjaNemec_PlaceFootprints.action_place_footprints 95:Selecting: 0
09-16 16:58:34 com_github_MitjaNemec_PlaceFootprints.action_place_footprints 99:Should invoke level_changed()
09-16 16:58:34 com_github_MitjaNemec_PlaceFootprints.action_place_footprints 277:Level_changed() invoked
